Using pre-set license
Built from '2020.3/staging' branch; Version is '2020.3.8f1 (507919d4fff5) revision 5273881'; Using compiler version '192528614'; Build Type 'Release'
OS: 'Windows 10 Home Single Language; OS build 22631.3447; Version 2009; 64bit' Language: 'en' Physical Memory: 7831 MB
BatchMode: 1, IsHumanControllingUs: 0, StartBugReporterOnCrash: 0, Is64bit: 1, IsPro: 0

 COMMAND LINE ARGUMENTS:
C:\Program Files\Unity\Hub\Editor\2020.3.8f1\Editor\Unity.exe
-adb2
-batchMode
-noUpm
-name
AssetImportWorker0
-projectPath
C:/Users/Samyukta/DT/digital-twin
-logFile
Logs/AssetImportWorker0.log
-srvPort
49860
Successfully changed project path to: C:/Users/Samyukta/DT/digital-twin
C:/Users/Samyukta/DT/digital-twin
Using Asset Import Pipeline V2.
Refreshing native plugins compatible for Editor in 50.05 ms, found 0 plugins.
Preloading 0 native plugins for Editor in 0.00 ms.
Initialize engine version: 2020.3.8f1 (507919d4fff5)
[Subsystems] Discovering subsystems at path C:/Program Files/Unity/Hub/Editor/2020.3.8f1/Editor/Data/Resources/UnitySubsystems
[Subsystems] Discovering subsystems at path C:/Users/Samyukta/DT/digital-twin/Assets
GfxDevice: creating device client; threaded=0
Direct3D:
    Version:  Direct3D 11.0 [level 11.1]
    Renderer: Intel(R) UHD Graphics (ID=0x9a78)
    Vendor:   
    VRAM:     3915 MB
    Driver:   30.0.100.9864
Initialize mono
Mono path[0] = 'C:/Program Files/Unity/Hub/Editor/2020.3.8f1/Editor/Data/Managed'
Mono path[1] = 'C:/Program Files/Unity/Hub/Editor/2020.3.8f1/Editor/Data/MonoBleedingEdge/lib/mono/unityjit'
Mono config path = 'C:/Program Files/Unity/Hub/Editor/2020.3.8f1/Editor/Data/MonoBleedingEdge/etc'
Using monoOptions --debugger-agent=transport=dt_socket,embedding=1,server=y,suspend=n,address=127.0.0.1:56804
Begin MonoManager ReloadAssembly
Registering precompiled unity dll's ...
Register platform support module: C:/Program Files/Unity/Hub/Editor/2020.3.8f1/Editor/Data/PlaybackEngines/WindowsStandaloneSupport/UnityEditor.WindowsStandalone.Extensions.dll
Registered in 0.001433 seconds.
Native extension for WindowsStandalone target not found
Refreshing native plugins compatible for Editor in 34.63 ms, found 0 plugins.
Preloading 0 native plugins for Editor in 0.00 ms.
Mono: successfully reloaded assembly
- Completed reload, in  2.603 seconds
Platform modules already initialized, skipping
Registering precompiled user dll's ...
Registered in 0.001134 seconds.
Begin MonoManager ReloadAssembly
Native extension for WindowsStandalone target not found
Refreshing native plugins compatible for Editor in 0.45 ms, found 0 plugins.
Preloading 0 native plugins for Editor in 0.00 ms.
Mono: successfully reloaded assembly
- Completed reload, in  0.831 seconds
Platform modules already initialized, skipping
========================================================================
Worker process is ready to serve import requests
Launched and connected shader compiler UnityShaderCompiler.exe after 0.07 seconds
Refreshing native plugins compatible for Editor in 0.33 ms, found 0 plugins.
Preloading 0 native plugins for Editor in 0.00 ms.
Unloading 1497 Unused Serialized files (Serialized files now loaded: 0)
System memory in use before: 75.3 MB.
System memory in use after: 75.4 MB.

Unloading 9 unused Assets to reduce memory usage. Loaded Objects now: 1947.
Total: 3.305800 ms (FindLiveObjects: 0.135600 ms CreateObjectMapping: 0.041900 ms MarkObjects: 3.002900 ms  DeleteObjects: 0.123800 ms)

========================================================================
Received Import Request.
  path: Assets/Brick Project Studio/_BPS Basic Assets/Common/Scripts and Animations/Doors/opencloseDoor.cs
  artifactKey: Guid(1e8192f35a44301488ec0f072d9a16fe) Importer(815301076,1909f56bfc062723c751e8b465ee728b)
Start importing Assets/Brick Project Studio/_BPS Basic Assets/Common/Scripts and Animations/Doors/opencloseDoor.cs using Guid(1e8192f35a44301488ec0f072d9a16fe) Importer(815301076,1909f56bfc062723c751e8b465ee728b)  -> (artifact id: '0af0f93120002eb334f71dc08389e624') in 0.045784 seconds
  Import took 0.048397 seconds .

========================================================================
Received Prepare
Registering precompiled user dll's ...
Registered in 0.001942 seconds.
Begin MonoManager ReloadAssembly
Native extension for WindowsStandalone target not found
Refreshing native plugins compatible for Editor in 1.98 ms, found 0 plugins.
Preloading 0 native plugins for Editor in 0.00 ms.
Mono: successfully reloaded assembly
- Completed reload, in  2.482 seconds
Platform modules already initialized, skipping
Refreshing native plugins compatible for Editor in 0.73 ms, found 0 plugins.
Preloading 0 native plugins for Editor in 0.00 ms.
Unloading 1468 Unused Serialized files (Serialized files now loaded: 0)
System memory in use before: 72.9 MB.
System memory in use after: 73.0 MB.

Unloading 4 unused Assets to reduce memory usage. Loaded Objects now: 1950.
Total: 8.749200 ms (FindLiveObjects: 0.247100 ms CreateObjectMapping: 0.063100 ms MarkObjects: 8.364500 ms  DeleteObjects: 0.071400 ms)

========================================================================
Received Import Request.
  Time since last request: 667.688148 seconds.
  path: Assets/Brick Project Studio/_BPS Basic Assets/Common/Scripts and Animations/Doors
  artifactKey: Guid(a62e9a2c4503174458b0184707ddb33a) Importer(815301076,1909f56bfc062723c751e8b465ee728b)
Start importing Assets/Brick Project Studio/_BPS Basic Assets/Common/Scripts and Animations/Doors using Guid(a62e9a2c4503174458b0184707ddb33a) Importer(815301076,1909f56bfc062723c751e8b465ee728b)  -> (artifact id: 'a4497ff3d218f62bc02a785fe84004c7') in 0.197005 seconds
  Import took 0.341070 seconds .

========================================================================
Received Import Request.
  Time since last request: 9.924789 seconds.
  path: Assets/Brick Project Studio/_BPS Basic Assets/Common/Scripts and Animations/Doors/PlayerController.cs
  artifactKey: Guid(6b866128afe611e4b828f89d28d0bae3) Importer(815301076,1909f56bfc062723c751e8b465ee728b)
Start importing Assets/Brick Project Studio/_BPS Basic Assets/Common/Scripts and Animations/Doors/PlayerController.cs using Guid(6b866128afe611e4b828f89d28d0bae3) Importer(815301076,1909f56bfc062723c751e8b465ee728b)  -> (artifact id: 'ee79de0e653cdcd2315aacc3267f65ce') in 0.015010 seconds
  Import took 0.020774 seconds .

========================================================================
Received Prepare
Registering precompiled user dll's ...
Registered in 0.000762 seconds.
Begin MonoManager ReloadAssembly
Native extension for WindowsStandalone target not found
Refreshing native plugins compatible for Editor in 0.29 ms, found 0 plugins.
Preloading 0 native plugins for Editor in 0.00 ms.
Mono: successfully reloaded assembly
- Completed reload, in  0.806 seconds
Platform modules already initialized, skipping
Refreshing native plugins compatible for Editor in 0.28 ms, found 0 plugins.
Preloading 0 native plugins for Editor in 0.00 ms.
Unloading 1469 Unused Serialized files (Serialized files now loaded: 0)
System memory in use before: 73.0 MB.
System memory in use after: 73.1 MB.

Unloading 4 unused Assets to reduce memory usage. Loaded Objects now: 1954.
Total: 5.034000 ms (FindLiveObjects: 0.485900 ms CreateObjectMapping: 0.084500 ms MarkObjects: 4.432400 ms  DeleteObjects: 0.029300 ms)

========================================================================
Received Prepare
Registering precompiled user dll's ...
Registered in 0.005967 seconds.
Begin MonoManager ReloadAssembly
Native extension for WindowsStandalone target not found
Refreshing native plugins compatible for Editor in 0.56 ms, found 0 plugins.
Preloading 0 native plugins for Editor in 0.00 ms.
Mono: successfully reloaded assembly
- Completed reload, in  1.466 seconds
Platform modules already initialized, skipping
Refreshing native plugins compatible for Editor in 0.36 ms, found 0 plugins.
Preloading 0 native plugins for Editor in 0.00 ms.
Unloading 1469 Unused Serialized files (Serialized files now loaded: 0)
System memory in use before: 73.0 MB.
System memory in use after: 73.1 MB.

Unloading 4 unused Assets to reduce memory usage. Loaded Objects now: 1957.
Total: 1.717500 ms (FindLiveObjects: 0.129700 ms CreateObjectMapping: 0.032700 ms MarkObjects: 1.532100 ms  DeleteObjects: 0.021400 ms)

========================================================================
Received Import Request.
  Time since last request: 147.690681 seconds.
  path: Assets/Brick Project Studio/_BPS Basic Assets/Common/Scripts and Animations/Doors/PlayerController.cs
  artifactKey: Guid(6b866128afe611e4b828f89d28d0bae3) Importer(815301076,1909f56bfc062723c751e8b465ee728b)
Start importing Assets/Brick Project Studio/_BPS Basic Assets/Common/Scripts and Animations/Doors/PlayerController.cs using Guid(6b866128afe611e4b828f89d28d0bae3) Importer(815301076,1909f56bfc062723c751e8b465ee728b)  -> (artifact id: '78200d9484bc8f01c282332d46d1aa93') in 0.006013 seconds
  Import took 0.008718 seconds .

========================================================================
Received Prepare
Registering precompiled user dll's ...
Registered in 0.001886 seconds.
Begin MonoManager ReloadAssembly
Native extension for WindowsStandalone target not found
Refreshing native plugins compatible for Editor in 0.65 ms, found 0 plugins.
Preloading 0 native plugins for Editor in 0.00 ms.
Mono: successfully reloaded assembly
- Completed reload, in  2.112 seconds
Platform modules already initialized, skipping
Refreshing native plugins compatible for Editor in 0.38 ms, found 0 plugins.
Preloading 0 native plugins for Editor in 0.00 ms.
Unloading 1469 Unused Serialized files (Serialized files now loaded: 0)
System memory in use before: 73.0 MB.
System memory in use after: 73.1 MB.

Unloading 4 unused Assets to reduce memory usage. Loaded Objects now: 1960.
Total: 2.583200 ms (FindLiveObjects: 0.537700 ms CreateObjectMapping: 0.136800 ms MarkObjects: 1.880400 ms  DeleteObjects: 0.026800 ms)

========================================================================
Received Prepare
Registering precompiled user dll's ...
Registered in 0.004572 seconds.
Begin MonoManager ReloadAssembly
Native extension for WindowsStandalone target not found
Refreshing native plugins compatible for Editor in 0.54 ms, found 0 plugins.
Preloading 0 native plugins for Editor in 0.00 ms.
Mono: successfully reloaded assembly
- Completed reload, in  7.315 seconds
Platform modules already initialized, skipping
Refreshing native plugins compatible for Editor in 1.16 ms, found 0 plugins.
Preloading 0 native plugins for Editor in 0.00 ms.
Unloading 1469 Unused Serialized files (Serialized files now loaded: 0)
System memory in use before: 73.0 MB.
System memory in use after: 73.1 MB.

Unloading 4 unused Assets to reduce memory usage. Loaded Objects now: 1963.
Total: 3.192300 ms (FindLiveObjects: 0.248600 ms CreateObjectMapping: 0.075800 ms MarkObjects: 2.823400 ms  DeleteObjects: 0.041900 ms)

========================================================================
Received Import Request.
  Time since last request: 380.401450 seconds.
  path: Assets/Brick Project Studio/_BPS Basic Assets/Common/Scripts and Animations/Doors/PlayerController.cs
  artifactKey: Guid(6b866128afe611e4b828f89d28d0bae3) Importer(815301076,1909f56bfc062723c751e8b465ee728b)
Start importing Assets/Brick Project Studio/_BPS Basic Assets/Common/Scripts and Animations/Doors/PlayerController.cs using Guid(6b866128afe611e4b828f89d28d0bae3) Importer(815301076,1909f56bfc062723c751e8b465ee728b)  -> (artifact id: 'ca2bebf79fa32191a0fd038e444d8c75') in 0.009852 seconds
  Import took 0.014377 seconds .

========================================================================
Received Prepare
Registering precompiled user dll's ...
Registered in 0.000807 seconds.
Begin MonoManager ReloadAssembly
Native extension for WindowsStandalone target not found
Refreshing native plugins compatible for Editor in 0.41 ms, found 0 plugins.
Preloading 0 native plugins for Editor in 0.00 ms.
Mono: successfully reloaded assembly
- Completed reload, in  0.839 seconds
Platform modules already initialized, skipping
Refreshing native plugins compatible for Editor in 0.27 ms, found 0 plugins.
Preloading 0 native plugins for Editor in 0.00 ms.
Unloading 1469 Unused Serialized files (Serialized files now loaded: 0)
System memory in use before: 73.0 MB.
System memory in use after: 73.1 MB.

Unloading 4 unused Assets to reduce memory usage. Loaded Objects now: 1966.
Total: 1.709100 ms (FindLiveObjects: 0.121400 ms CreateObjectMapping: 0.031700 ms MarkObjects: 1.534500 ms  DeleteObjects: 0.020300 ms)

========================================================================
Received Import Request.
  Time since last request: 375.511006 seconds.
  path: Assets/Brick Project Studio/_BPS Basic Assets/Common/Scripts and Animations/Doors/PlayerController.cs
  artifactKey: Guid(6b866128afe611e4b828f89d28d0bae3) Importer(815301076,1909f56bfc062723c751e8b465ee728b)
Start importing Assets/Brick Project Studio/_BPS Basic Assets/Common/Scripts and Animations/Doors/PlayerController.cs using Guid(6b866128afe611e4b828f89d28d0bae3) Importer(815301076,1909f56bfc062723c751e8b465ee728b)  -> (artifact id: 'a83088cc97c9a7d01a2d290982bb9701') in 0.004800 seconds
  Import took 0.017769 seconds .

========================================================================
Received Prepare
Registering precompiled user dll's ...
Registered in 0.001276 seconds.
Begin MonoManager ReloadAssembly
Native extension for WindowsStandalone target not found
Refreshing native plugins compatible for Editor in 0.43 ms, found 0 plugins.
Preloading 0 native plugins for Editor in 0.00 ms.
Mono: successfully reloaded assembly
- Completed reload, in  0.997 seconds
Platform modules already initialized, skipping
Refreshing native plugins compatible for Editor in 0.50 ms, found 0 plugins.
Preloading 0 native plugins for Editor in 0.00 ms.
Unloading 1469 Unused Serialized files (Serialized files now loaded: 0)
System memory in use before: 73.0 MB.
System memory in use after: 73.1 MB.

Unloading 4 unused Assets to reduce memory usage. Loaded Objects now: 1969.
Total: 2.682800 ms (FindLiveObjects: 0.233200 ms CreateObjectMapping: 0.065700 ms MarkObjects: 2.313300 ms  DeleteObjects: 0.068600 ms)

========================================================================
Received Import Request.
  Time since last request: 124.381166 seconds.
  path: Assets/Brick Project Studio/_BPS Basic Assets/Common/Scripts and Animations/Doors/PlayerController.cs
  artifactKey: Guid(6b866128afe611e4b828f89d28d0bae3) Importer(815301076,1909f56bfc062723c751e8b465ee728b)
Start importing Assets/Brick Project Studio/_BPS Basic Assets/Common/Scripts and Animations/Doors/PlayerController.cs using Guid(6b866128afe611e4b828f89d28d0bae3) Importer(815301076,1909f56bfc062723c751e8b465ee728b)  -> (artifact id: '3d7dcc5788b000596bdfb7fe12cf7b20') in 0.007779 seconds
  Import took 0.012642 seconds .

========================================================================
Received Import Request.
  Time since last request: 1.191820 seconds.
  path: Assets/Brick Project Studio/_BPS Basic Assets/Common/Scripts and Animations/Doors/PlayerController.cs
  artifactKey: Guid(6b866128afe611e4b828f89d28d0bae3) Importer(815301076,1909f56bfc062723c751e8b465ee728b)
Start importing Assets/Brick Project Studio/_BPS Basic Assets/Common/Scripts and Animations/Doors/PlayerController.cs using Guid(6b866128afe611e4b828f89d28d0bae3) Importer(815301076,1909f56bfc062723c751e8b465ee728b)  -> (artifact id: '3d7dcc5788b000596bdfb7fe12cf7b20') in 0.003695 seconds
  Import took 0.007474 seconds .

========================================================================
Received Prepare
Registering precompiled user dll's ...
Registered in 0.000764 seconds.
Begin MonoManager ReloadAssembly
Native extension for WindowsStandalone target not found
Refreshing native plugins compatible for Editor in 0.31 ms, found 0 plugins.
Preloading 0 native plugins for Editor in 0.00 ms.
Mono: successfully reloaded assembly
- Completed reload, in  0.722 seconds
Platform modules already initialized, skipping
Refreshing native plugins compatible for Editor in 0.47 ms, found 0 plugins.
Preloading 0 native plugins for Editor in 0.00 ms.
Unloading 1469 Unused Serialized files (Serialized files now loaded: 0)
System memory in use before: 73.0 MB.
System memory in use after: 73.1 MB.

Unloading 4 unused Assets to reduce memory usage. Loaded Objects now: 1972.
Total: 1.341100 ms (FindLiveObjects: 0.109500 ms CreateObjectMapping: 0.026900 ms MarkObjects: 1.185900 ms  DeleteObjects: 0.017600 ms)

========================================================================
Received Prepare
Registering precompiled user dll's ...
Registered in 0.001237 seconds.
Begin MonoManager ReloadAssembly
Native extension for WindowsStandalone target not found
Refreshing native plugins compatible for Editor in 0.36 ms, found 0 plugins.
Preloading 0 native plugins for Editor in 0.00 ms.
Mono: successfully reloaded assembly
- Completed reload, in  2.565 seconds
Platform modules already initialized, skipping
Refreshing native plugins compatible for Editor in 0.29 ms, found 0 plugins.
Preloading 0 native plugins for Editor in 0.00 ms.
Unloading 1469 Unused Serialized files (Serialized files now loaded: 0)
System memory in use before: 73.0 MB.
System memory in use after: 73.1 MB.

Unloading 4 unused Assets to reduce memory usage. Loaded Objects now: 1975.
Total: 3.707900 ms (FindLiveObjects: 0.549600 ms CreateObjectMapping: 0.047600 ms MarkObjects: 3.076900 ms  DeleteObjects: 0.028700 ms)

========================================================================
Received Prepare
Registering precompiled user dll's ...
Registered in 0.000897 seconds.
Begin MonoManager ReloadAssembly
Native extension for WindowsStandalone target not found
Refreshing native plugins compatible for Editor in 0.93 ms, found 0 plugins.
Preloading 0 native plugins for Editor in 0.00 ms.
Mono: successfully reloaded assembly
- Completed reload, in  1.767 seconds
Platform modules already initialized, skipping
Refreshing native plugins compatible for Editor in 0.57 ms, found 0 plugins.
Preloading 0 native plugins for Editor in 0.00 ms.
Unloading 1469 Unused Serialized files (Serialized files now loaded: 0)
System memory in use before: 73.0 MB.
System memory in use after: 73.1 MB.

Unloading 4 unused Assets to reduce memory usage. Loaded Objects now: 1978.
Total: 3.715300 ms (FindLiveObjects: 0.438000 ms CreateObjectMapping: 0.080100 ms MarkObjects: 3.161800 ms  DeleteObjects: 0.029700 ms)

========================================================================
Received Import Request.
  Time since last request: 251.312095 seconds.
  path: Assets/Brick Project Studio/_BPS Basic Assets/Common/Scripts and Animations/Doors/opencloseDoor.cs
  artifactKey: Guid(1e8192f35a44301488ec0f072d9a16fe) Importer(815301076,1909f56bfc062723c751e8b465ee728b)
Start importing Assets/Brick Project Studio/_BPS Basic Assets/Common/Scripts and Animations/Doors/opencloseDoor.cs using Guid(1e8192f35a44301488ec0f072d9a16fe) Importer(815301076,1909f56bfc062723c751e8b465ee728b)  -> (artifact id: 'f0f1584dc0adf22005b7de2d2955e346') in 0.015756 seconds
  Import took 0.022790 seconds .

========================================================================
Received Prepare
Registering precompiled user dll's ...
Registered in 0.000842 seconds.
Begin MonoManager ReloadAssembly
Native extension for WindowsStandalone target not found
Refreshing native plugins compatible for Editor in 0.34 ms, found 0 plugins.
Preloading 0 native plugins for Editor in 0.00 ms.
Mono: successfully reloaded assembly
- Completed reload, in  0.819 seconds
Platform modules already initialized, skipping
Refreshing native plugins compatible for Editor in 0.31 ms, found 0 plugins.
Preloading 0 native plugins for Editor in 0.00 ms.
Unloading 1469 Unused Serialized files (Serialized files now loaded: 0)
System memory in use before: 73.0 MB.
System memory in use after: 73.1 MB.

Unloading 4 unused Assets to reduce memory usage. Loaded Objects now: 1981.
Total: 1.728800 ms (FindLiveObjects: 0.118300 ms CreateObjectMapping: 0.028600 ms MarkObjects: 1.529200 ms  DeleteObjects: 0.051600 ms)

========================================================================
Received Prepare
Registering precompiled user dll's ...
Registered in 0.000917 seconds.
Begin MonoManager ReloadAssembly
Native extension for WindowsStandalone target not found
Refreshing native plugins compatible for Editor in 0.45 ms, found 0 plugins.
Preloading 0 native plugins for Editor in 0.00 ms.
Mono: successfully reloaded assembly
- Completed reload, in  0.726 seconds
Platform modules already initialized, skipping
Refreshing native plugins compatible for Editor in 0.28 ms, found 0 plugins.
Preloading 0 native plugins for Editor in 0.00 ms.
Unloading 1469 Unused Serialized files (Serialized files now loaded: 0)
System memory in use before: 73.0 MB.
System memory in use after: 73.1 MB.

Unloading 4 unused Assets to reduce memory usage. Loaded Objects now: 1984.
Total: 1.726900 ms (FindLiveObjects: 0.119300 ms CreateObjectMapping: 0.034800 ms MarkObjects: 1.550400 ms  DeleteObjects: 0.021300 ms)

========================================================================
Received Prepare
Registering precompiled user dll's ...
Registered in 0.000962 seconds.
Begin MonoManager ReloadAssembly
Native extension for WindowsStandalone target not found
Refreshing native plugins compatible for Editor in 0.39 ms, found 0 plugins.
Preloading 0 native plugins for Editor in 0.00 ms.
Mono: successfully reloaded assembly
- Completed reload, in  0.954 seconds
Platform modules already initialized, skipping
Refreshing native plugins compatible for Editor in 0.35 ms, found 0 plugins.
Preloading 0 native plugins for Editor in 0.00 ms.
Unloading 1469 Unused Serialized files (Serialized files now loaded: 0)
System memory in use before: 73.0 MB.
System memory in use after: 73.1 MB.

Unloading 4 unused Assets to reduce memory usage. Loaded Objects now: 1987.
Total: 1.853000 ms (FindLiveObjects: 0.158700 ms CreateObjectMapping: 0.027600 ms MarkObjects: 1.591000 ms  DeleteObjects: 0.074700 ms)

========================================================================
Received Import Request.
  Time since last request: 536.134083 seconds.
  path: Assets/Brick Project Studio/_BPS Basic Assets/Common/Scripts and Animations/Doors/PlayerController.cs
  artifactKey: Guid(6b866128afe611e4b828f89d28d0bae3) Importer(815301076,1909f56bfc062723c751e8b465ee728b)
Start importing Assets/Brick Project Studio/_BPS Basic Assets/Common/Scripts and Animations/Doors/PlayerController.cs using Guid(6b866128afe611e4b828f89d28d0bae3) Importer(815301076,1909f56bfc062723c751e8b465ee728b)  -> (artifact id: '66d11d2c0fbf05083a0398f566276a0d') in 0.010537 seconds
  Import took 0.015493 seconds .

========================================================================
Received Import Request.
  Time since last request: 0.000956 seconds.
  path: Assets/Brick Project Studio/_BPS Basic Assets/Common/Scripts and Animations/Doors/PlayerController.cs
  artifactKey: Guid(6b866128afe611e4b828f89d28d0bae3) Importer(815301076,1909f56bfc062723c751e8b465ee728b)
Start importing Assets/Brick Project Studio/_BPS Basic Assets/Common/Scripts and Animations/Doors/PlayerController.cs using Guid(6b866128afe611e4b828f89d28d0bae3) Importer(815301076,1909f56bfc062723c751e8b465ee728b)  -> (artifact id: '66d11d2c0fbf05083a0398f566276a0d') in 0.003623 seconds
  Import took 0.008638 seconds .

========================================================================
Received Import Request.
  Time since last request: 62.642453 seconds.
  path: Assets/Brick Project Studio/_BPS Basic Assets/Common/Scripts and Animations/Doors/PlayerController.cs
  artifactKey: Guid(6b866128afe611e4b828f89d28d0bae3) Importer(815301076,1909f56bfc062723c751e8b465ee728b)
Start importing Assets/Brick Project Studio/_BPS Basic Assets/Common/Scripts and Animations/Doors/PlayerController.cs using Guid(6b866128afe611e4b828f89d28d0bae3) Importer(815301076,1909f56bfc062723c751e8b465ee728b)  -> (artifact id: '98dbf79bd5f7ef7c635c8df5e1a47ff7') in 0.004801 seconds
  Import took 0.012551 seconds .

========================================================================
Received Import Request.
  Time since last request: 0.002061 seconds.
  path: Assets/Brick Project Studio/_BPS Basic Assets/Common/Scripts and Animations/Doors/PlayerController.cs
  artifactKey: Guid(6b866128afe611e4b828f89d28d0bae3) Importer(815301076,1909f56bfc062723c751e8b465ee728b)
Start importing Assets/Brick Project Studio/_BPS Basic Assets/Common/Scripts and Animations/Doors/PlayerController.cs using Guid(6b866128afe611e4b828f89d28d0bae3) Importer(815301076,1909f56bfc062723c751e8b465ee728b)  -> (artifact id: '98dbf79bd5f7ef7c635c8df5e1a47ff7') in 0.003024 seconds
  Import took 0.006008 seconds .

========================================================================
Received Import Request.
  Time since last request: 59.802620 seconds.
  path: Assets/Brick Project Studio/_BPS Basic Assets/Common/Scripts and Animations/Doors/opencloseStallDoor.cs
  artifactKey: Guid(b697b9be3c8d9534ebd171d2b41d6f4f) Importer(815301076,1909f56bfc062723c751e8b465ee728b)
Start importing Assets/Brick Project Studio/_BPS Basic Assets/Common/Scripts and Animations/Doors/opencloseStallDoor.cs using Guid(b697b9be3c8d9534ebd171d2b41d6f4f) Importer(815301076,1909f56bfc062723c751e8b465ee728b)  -> (artifact id: '703ecffb0314018112086c02dd799383') in 0.006878 seconds
  Import took 0.011561 seconds .

========================================================================
Received Import Request.
  Time since last request: 0.003261 seconds.
  path: Assets/Brick Project Studio/_BPS Basic Assets/Common/Scripts and Animations/Doors/opencloseStallDoor.cs
  artifactKey: Guid(b697b9be3c8d9534ebd171d2b41d6f4f) Importer(815301076,1909f56bfc062723c751e8b465ee728b)
Start importing Assets/Brick Project Studio/_BPS Basic Assets/Common/Scripts and Animations/Doors/opencloseStallDoor.cs using Guid(b697b9be3c8d9534ebd171d2b41d6f4f) Importer(815301076,1909f56bfc062723c751e8b465ee728b)  -> (artifact id: '703ecffb0314018112086c02dd799383') in 0.003062 seconds
  Import took 0.006123 seconds .

========================================================================
Received Import Request.
  Time since last request: 7.493131 seconds.
  path: Assets/Brick Project Studio/_BPS Basic Assets/Common/Scripts and Animations/Doors/opencloseDoor.cs
  artifactKey: Guid(1e8192f35a44301488ec0f072d9a16fe) Importer(815301076,1909f56bfc062723c751e8b465ee728b)
Start importing Assets/Brick Project Studio/_BPS Basic Assets/Common/Scripts and Animations/Doors/opencloseDoor.cs using Guid(1e8192f35a44301488ec0f072d9a16fe) Importer(815301076,1909f56bfc062723c751e8b465ee728b)  -> (artifact id: '6290144d5250812ade9eb9edfd5187ad') in 0.003388 seconds
  Import took 0.017142 seconds .

========================================================================
Received Import Request.
  Time since last request: 160.056146 seconds.
  path: Assets/Brick Project Studio/_BPS Basic Assets/Common/Scripts and Animations/Doors/PressKeyOpenDoor.cs
  artifactKey: Guid(1e8192f35a44301488ec0f072d9a16fe) Importer(815301076,1909f56bfc062723c751e8b465ee728b)
Start importing Assets/Brick Project Studio/_BPS Basic Assets/Common/Scripts and Animations/Doors/PressKeyOpenDoor.cs using Guid(1e8192f35a44301488ec0f072d9a16fe) Importer(815301076,1909f56bfc062723c751e8b465ee728b)  -> (artifact id: '124cf7ab325b880972b7d159d49e727f') in 0.005518 seconds
  Import took 0.009461 seconds .

========================================================================
Received Import Request.
  Time since last request: 0.033222 seconds.
  path: Assets/Brick Project Studio/_BPS Basic Assets/Common/Scripts and Animations/Doors/PressKeyOpenDoor.cs
  artifactKey: Guid(1e8192f35a44301488ec0f072d9a16fe) Importer(815301076,1909f56bfc062723c751e8b465ee728b)
Start importing Assets/Brick Project Studio/_BPS Basic Assets/Common/Scripts and Animations/Doors/PressKeyOpenDoor.cs using Guid(1e8192f35a44301488ec0f072d9a16fe) Importer(815301076,1909f56bfc062723c751e8b465ee728b)  -> (artifact id: '124cf7ab325b880972b7d159d49e727f') in 0.003700 seconds
  Import took 0.007717 seconds .

========================================================================
Received Import Request.
  Time since last request: 101.178021 seconds.
  path: Assets/Brick Project Studio/_BPS Basic Assets/Common/Scripts and Animations/Doors/PlayerController.cs
  artifactKey: Guid(6b866128afe611e4b828f89d28d0bae3) Importer(815301076,1909f56bfc062723c751e8b465ee728b)
Start importing Assets/Brick Project Studio/_BPS Basic Assets/Common/Scripts and Animations/Doors/PlayerController.cs using Guid(6b866128afe611e4b828f89d28d0bae3) Importer(815301076,1909f56bfc062723c751e8b465ee728b)  -> (artifact id: 'a956a47c8d8a68bb262ba8498e662311') in 0.004916 seconds
  Import took 0.008847 seconds .

========================================================================
Received Import Request.
  Time since last request: 16.309903 seconds.
  path: Assets/Brick Project Studio/_BPS Basic Assets/Common/Scripts and Animations/Doors/PlayerController.cs
  artifactKey: Guid(6b866128afe611e4b828f89d28d0bae3) Importer(815301076,1909f56bfc062723c751e8b465ee728b)
Start importing Assets/Brick Project Studio/_BPS Basic Assets/Common/Scripts and Animations/Doors/PlayerController.cs using Guid(6b866128afe611e4b828f89d28d0bae3) Importer(815301076,1909f56bfc062723c751e8b465ee728b)  -> (artifact id: 'b75e568e8547d9f163a99c862c2a7caa') in 0.010010 seconds
  Import took 0.024632 seconds .

========================================================================
Received Import Request.
  Time since last request: 0.031298 seconds.
  path: Assets/Brick Project Studio/_BPS Basic Assets/Common/Scripts and Animations/Doors/PlayerController.cs
  artifactKey: Guid(6b866128afe611e4b828f89d28d0bae3) Importer(815301076,1909f56bfc062723c751e8b465ee728b)
Start importing Assets/Brick Project Studio/_BPS Basic Assets/Common/Scripts and Animations/Doors/PlayerController.cs using Guid(6b866128afe611e4b828f89d28d0bae3) Importer(815301076,1909f56bfc062723c751e8b465ee728b)  -> (artifact id: 'b75e568e8547d9f163a99c862c2a7caa') in 0.007698 seconds
  Import took 0.017220 seconds .

========================================================================
Received Import Request.
  Time since last request: 104.392532 seconds.
  path: Assets/Brick Project Studio/_BPS Basic Assets/Common/Scripts and Animations/Doors/PlayerController.cs
  artifactKey: Guid(6b866128afe611e4b828f89d28d0bae3) Importer(815301076,1909f56bfc062723c751e8b465ee728b)
Start importing Assets/Brick Project Studio/_BPS Basic Assets/Common/Scripts and Animations/Doors/PlayerController.cs using Guid(6b866128afe611e4b828f89d28d0bae3) Importer(815301076,1909f56bfc062723c751e8b465ee728b)  -> (artifact id: 'a35311e159131c87d2c04ed97ee6ade6') in 0.047918 seconds
  Import took 0.080301 seconds .

========================================================================
Received Prepare
Registering precompiled user dll's ...
Registered in 0.000773 seconds.
Begin MonoManager ReloadAssembly
Native extension for WindowsStandalone target not found
Refreshing native plugins compatible for Editor in 0.35 ms, found 0 plugins.
Preloading 0 native plugins for Editor in 0.00 ms.
Mono: successfully reloaded assembly
- Completed reload, in  0.806 seconds
Platform modules already initialized, skipping
Refreshing native plugins compatible for Editor in 0.28 ms, found 0 plugins.
Preloading 0 native plugins for Editor in 0.00 ms.
Unloading 1469 Unused Serialized files (Serialized files now loaded: 0)
System memory in use before: 73.0 MB.
System memory in use after: 73.2 MB.

Unloading 4 unused Assets to reduce memory usage. Loaded Objects now: 1990.
Total: 1.544400 ms (FindLiveObjects: 0.137400 ms CreateObjectMapping: 0.027100 ms MarkObjects: 1.354400 ms  DeleteObjects: 0.023900 ms)

========================================================================
Received Import Request.
  Time since last request: 127.088050 seconds.
  path: Assets/Brick Project Studio/_BPS Basic Assets/Common/Scripts and Animations/Doors/PlayerController.cs
  artifactKey: Guid(6b866128afe611e4b828f89d28d0bae3) Importer(815301076,1909f56bfc062723c751e8b465ee728b)
Start importing Assets/Brick Project Studio/_BPS Basic Assets/Common/Scripts and Animations/Doors/PlayerController.cs using Guid(6b866128afe611e4b828f89d28d0bae3) Importer(815301076,1909f56bfc062723c751e8b465ee728b)  -> (artifact id: 'cfdb3f47559f7c4af1c91a56d4b70150') in 0.005109 seconds
  Import took 0.008041 seconds .

========================================================================
Received Prepare
Registering precompiled user dll's ...
Registered in 0.001114 seconds.
Begin MonoManager ReloadAssembly
Native extension for WindowsStandalone target not found
Refreshing native plugins compatible for Editor in 0.44 ms, found 0 plugins.
Preloading 0 native plugins for Editor in 0.00 ms.
Mono: successfully reloaded assembly
- Completed reload, in  0.894 seconds
Platform modules already initialized, skipping
Refreshing native plugins compatible for Editor in 0.52 ms, found 0 plugins.
Preloading 0 native plugins for Editor in 0.00 ms.
Unloading 1469 Unused Serialized files (Serialized files now loaded: 0)
System memory in use before: 73.1 MB.
System memory in use after: 73.2 MB.

Unloading 4 unused Assets to reduce memory usage. Loaded Objects now: 1993.
Total: 2.217100 ms (FindLiveObjects: 0.172700 ms CreateObjectMapping: 0.081100 ms MarkObjects: 1.877800 ms  DeleteObjects: 0.084100 ms)

========================================================================
Received Prepare
Registering precompiled user dll's ...
Registered in 0.002246 seconds.
Begin MonoManager ReloadAssembly
Native extension for WindowsStandalone target not found
Refreshing native plugins compatible for Editor in 0.32 ms, found 0 plugins.
Preloading 0 native plugins for Editor in 0.00 ms.
Mono: successfully reloaded assembly
- Completed reload, in  0.782 seconds
Platform modules already initialized, skipping
Refreshing native plugins compatible for Editor in 0.29 ms, found 0 plugins.
Preloading 0 native plugins for Editor in 0.00 ms.
Unloading 1469 Unused Serialized files (Serialized files now loaded: 0)
System memory in use before: 73.1 MB.
System memory in use after: 73.2 MB.

Unloading 4 unused Assets to reduce memory usage. Loaded Objects now: 1996.
Total: 2.053400 ms (FindLiveObjects: 0.122500 ms CreateObjectMapping: 0.032400 ms MarkObjects: 1.475800 ms  DeleteObjects: 0.421200 ms)

========================================================================
Received Import Request.
  Time since last request: 1032.182929 seconds.
  path: Assets/Brick Project Studio/_BPS Basic Assets/Common/Scripts and Animations/Doors/PressKeyOpenDoor.cs
  artifactKey: Guid(1e8192f35a44301488ec0f072d9a16fe) Importer(815301076,1909f56bfc062723c751e8b465ee728b)
Start importing Assets/Brick Project Studio/_BPS Basic Assets/Common/Scripts and Animations/Doors/PressKeyOpenDoor.cs using Guid(1e8192f35a44301488ec0f072d9a16fe) Importer(815301076,1909f56bfc062723c751e8b465ee728b)  -> (artifact id: '28e6faba81a44ef298c234bf3d048fd6') in 0.010577 seconds
  Import took 0.017194 seconds .

========================================================================
Received Import Request.
  Time since last request: 9.940414 seconds.
  path: Assets/Brick Project Studio/_BPS Basic Assets/Common/Scripts and Animations/Doors/Opening.anim
  artifactKey: Guid(346d4004c3a668e4d8afa4a40d47416d) Importer(815301076,1909f56bfc062723c751e8b465ee728b)
Start importing Assets/Brick Project Studio/_BPS Basic Assets/Common/Scripts and Animations/Doors/Opening.anim using Guid(346d4004c3a668e4d8afa4a40d47416d) Importer(815301076,1909f56bfc062723c751e8b465ee728b)  -> (artifact id: '4be2d977d833b24e182ca97d77fe8d95') in 0.064618 seconds
  Import took 0.068421 seconds .

========================================================================
Received Prepare
Registering precompiled user dll's ...
Registered in 0.001071 seconds.
Begin MonoManager ReloadAssembly
Native extension for WindowsStandalone target not found
Refreshing native plugins compatible for Editor in 0.42 ms, found 0 plugins.
Preloading 0 native plugins for Editor in 0.00 ms.
Mono: successfully reloaded assembly
- Completed reload, in  0.948 seconds
Platform modules already initialized, skipping
Refreshing native plugins compatible for Editor in 0.32 ms, found 0 plugins.
Preloading 0 native plugins for Editor in 0.00 ms.
Unloading 1469 Unused Serialized files (Serialized files now loaded: 0)
System memory in use before: 73.1 MB.
System memory in use after: 73.2 MB.

Unloading 4 unused Assets to reduce memory usage. Loaded Objects now: 1999.
Total: 1.665400 ms (FindLiveObjects: 0.139500 ms CreateObjectMapping: 0.036200 ms MarkObjects: 1.458800 ms  DeleteObjects: 0.029400 ms)

========================================================================
Received Import Request.
  Time since last request: 116.708357 seconds.
  path: Assets/Brick Project Studio/_BPS Basic Assets/Common/Scripts and Animations/Doors/PressKeyOpenDoor.cs
  artifactKey: Guid(1e8192f35a44301488ec0f072d9a16fe) Importer(815301076,1909f56bfc062723c751e8b465ee728b)
Start importing Assets/Brick Project Studio/_BPS Basic Assets/Common/Scripts and Animations/Doors/PressKeyOpenDoor.cs using Guid(1e8192f35a44301488ec0f072d9a16fe) Importer(815301076,1909f56bfc062723c751e8b465ee728b)  -> (artifact id: '7f978ed4c694b84812885502efd9e179') in 0.007640 seconds
  Import took 0.011011 seconds .

========================================================================
Received Import Request.
  Time since last request: 0.024893 seconds.
  path: Assets/Brick Project Studio/_BPS Basic Assets/Common/Scripts and Animations/Doors/PressKeyOpenDoor.cs
  artifactKey: Guid(1e8192f35a44301488ec0f072d9a16fe) Importer(815301076,1909f56bfc062723c751e8b465ee728b)
Start importing Assets/Brick Project Studio/_BPS Basic Assets/Common/Scripts and Animations/Doors/PressKeyOpenDoor.cs using Guid(1e8192f35a44301488ec0f072d9a16fe) Importer(815301076,1909f56bfc062723c751e8b465ee728b)  -> (artifact id: '7f978ed4c694b84812885502efd9e179') in 0.006111 seconds
  Import took 0.009726 seconds .

========================================================================
Received Prepare
Registering precompiled user dll's ...
Registered in 0.001236 seconds.
Begin MonoManager ReloadAssembly
Native extension for WindowsStandalone target not found
Refreshing native plugins compatible for Editor in 0.33 ms, found 0 plugins.
Preloading 0 native plugins for Editor in 0.00 ms.
Mono: successfully reloaded assembly
- Completed reload, in  1.135 seconds
Platform modules already initialized, skipping
Refreshing native plugins compatible for Editor in 0.37 ms, found 0 plugins.
Preloading 0 native plugins for Editor in 0.00 ms.
Unloading 1469 Unused Serialized files (Serialized files now loaded: 0)
System memory in use before: 73.1 MB.
System memory in use after: 73.2 MB.

Unloading 4 unused Assets to reduce memory usage. Loaded Objects now: 2002.
Total: 1.655600 ms (FindLiveObjects: 0.279200 ms CreateObjectMapping: 0.078500 ms MarkObjects: 1.270800 ms  DeleteObjects: 0.025700 ms)

========================================================================
Received Import Request.
  Time since last request: 104.308733 seconds.
  path: Assets/Brick Project Studio/_BPS Basic Assets/Common/Scripts and Animations/Doors/PressKeyOpenDoor.cs
  artifactKey: Guid(1e8192f35a44301488ec0f072d9a16fe) Importer(815301076,1909f56bfc062723c751e8b465ee728b)
Start importing Assets/Brick Project Studio/_BPS Basic Assets/Common/Scripts and Animations/Doors/PressKeyOpenDoor.cs using Guid(1e8192f35a44301488ec0f072d9a16fe) Importer(815301076,1909f56bfc062723c751e8b465ee728b)  -> (artifact id: '7705101026ad08f041e4eba7a6e8db5b') in 0.008624 seconds
  Import took 0.027145 seconds .

========================================================================
Received Import Request.
  Time since last request: 72.149251 seconds.
  path: Assets/Brick Project Studio/_BPS Basic Assets/Common/Scripts and Animations/Doors/PressKeyOpenDoor.cs
  artifactKey: Guid(1e8192f35a44301488ec0f072d9a16fe) Importer(815301076,1909f56bfc062723c751e8b465ee728b)
Start importing Assets/Brick Project Studio/_BPS Basic Assets/Common/Scripts and Animations/Doors/PressKeyOpenDoor.cs using Guid(1e8192f35a44301488ec0f072d9a16fe) Importer(815301076,1909f56bfc062723c751e8b465ee728b)  -> (artifact id: '2028918ccb67cd0116bd5e8d43ba742c') in 0.017121 seconds
  Import took 0.025016 seconds .

========================================================================
Received Import Request.
  Time since last request: 0.000911 seconds.
  path: Assets/Brick Project Studio/_BPS Basic Assets/Common/Scripts and Animations/Doors/PressKeyOpenDoor.cs
  artifactKey: Guid(1e8192f35a44301488ec0f072d9a16fe) Importer(815301076,1909f56bfc062723c751e8b465ee728b)
Start importing Assets/Brick Project Studio/_BPS Basic Assets/Common/Scripts and Animations/Doors/PressKeyOpenDoor.cs using Guid(1e8192f35a44301488ec0f072d9a16fe) Importer(815301076,1909f56bfc062723c751e8b465ee728b)  -> (artifact id: '2028918ccb67cd0116bd5e8d43ba742c') in 0.003870 seconds
  Import took 0.015709 seconds .

========================================================================
Received Import Request.
  Time since last request: 80.335908 seconds.
  path: Assets/Brick Project Studio/_BPS Basic Assets/Common/Scripts and Animations/Doors/PlayerController.cs
  artifactKey: Guid(6b866128afe611e4b828f89d28d0bae3) Importer(815301076,1909f56bfc062723c751e8b465ee728b)
Start importing Assets/Brick Project Studio/_BPS Basic Assets/Common/Scripts and Animations/Doors/PlayerController.cs using Guid(6b866128afe611e4b828f89d28d0bae3) Importer(815301076,1909f56bfc062723c751e8b465ee728b)  -> (artifact id: '5f713b20232207f4cd296418e5cf3e2c') in 0.004631 seconds
  Import took 0.009573 seconds .

========================================================================
Received Import Request.
  Time since last request: 0.001836 seconds.
  path: Assets/Brick Project Studio/_BPS Basic Assets/Common/Scripts and Animations/Doors/PlayerController.cs
  artifactKey: Guid(6b866128afe611e4b828f89d28d0bae3) Importer(815301076,1909f56bfc062723c751e8b465ee728b)
Start importing Assets/Brick Project Studio/_BPS Basic Assets/Common/Scripts and Animations/Doors/PlayerController.cs using Guid(6b866128afe611e4b828f89d28d0bae3) Importer(815301076,1909f56bfc062723c751e8b465ee728b)  -> (artifact id: '5f713b20232207f4cd296418e5cf3e2c') in 0.003992 seconds
  Import took 0.011013 seconds .

========================================================================
Received Prepare
Registering precompiled user dll's ...
Registered in 0.000934 seconds.
Begin MonoManager ReloadAssembly
Native extension for WindowsStandalone target not found
Refreshing native plugins compatible for Editor in 0.32 ms, found 0 plugins.
Preloading 0 native plugins for Editor in 0.00 ms.
Mono: successfully reloaded assembly
- Completed reload, in  0.808 seconds
Platform modules already initialized, skipping
Refreshing native plugins compatible for Editor in 0.36 ms, found 0 plugins.
Preloading 0 native plugins for Editor in 0.00 ms.
Unloading 1469 Unused Serialized files (Serialized files now loaded: 0)
System memory in use before: 73.1 MB.
System memory in use after: 73.2 MB.

Unloading 4 unused Assets to reduce memory usage. Loaded Objects now: 2005.
Total: 1.700700 ms (FindLiveObjects: 0.138300 ms CreateObjectMapping: 0.029700 ms MarkObjects: 1.510100 ms  DeleteObjects: 0.021600 ms)

========================================================================
Received Import Request.
  Time since last request: 81.412531 seconds.
  path: Assets/Brick Project Studio/_BPS Basic Assets/Common/Scripts and Animations/Doors/PressKeyOpenDoor.cs
  artifactKey: Guid(1e8192f35a44301488ec0f072d9a16fe) Importer(815301076,1909f56bfc062723c751e8b465ee728b)
Start importing Assets/Brick Project Studio/_BPS Basic Assets/Common/Scripts and Animations/Doors/PressKeyOpenDoor.cs using Guid(1e8192f35a44301488ec0f072d9a16fe) Importer(815301076,1909f56bfc062723c751e8b465ee728b)  -> (artifact id: 'acc24038f649709a91e8edb0f5bc3052') in 0.004677 seconds
  Import took 0.017180 seconds .

========================================================================
Received Prepare
Registering precompiled user dll's ...
Registered in 0.001334 seconds.
Begin MonoManager ReloadAssembly
Native extension for WindowsStandalone target not found
Refreshing native plugins compatible for Editor in 0.43 ms, found 0 plugins.
Preloading 0 native plugins for Editor in 0.00 ms.
Mono: successfully reloaded assembly
- Completed reload, in  0.837 seconds
Platform modules already initialized, skipping
Refreshing native plugins compatible for Editor in 0.45 ms, found 0 plugins.
Preloading 0 native plugins for Editor in 0.00 ms.
Unloading 1469 Unused Serialized files (Serialized files now loaded: 0)
System memory in use before: 73.1 MB.
System memory in use after: 73.2 MB.

Unloading 4 unused Assets to reduce memory usage. Loaded Objects now: 2008.
Total: 1.384500 ms (FindLiveObjects: 0.117900 ms CreateObjectMapping: 0.028900 ms MarkObjects: 1.212600 ms  DeleteObjects: 0.023500 ms)

========================================================================
Received Prepare
Registering precompiled user dll's ...
Registered in 0.000813 seconds.
Begin MonoManager ReloadAssembly
Native extension for WindowsStandalone target not found
Refreshing native plugins compatible for Editor in 0.30 ms, found 0 plugins.
Preloading 0 native plugins for Editor in 0.00 ms.
Mono: successfully reloaded assembly
- Completed reload, in  0.785 seconds
Platform modules already initialized, skipping
Refreshing native plugins compatible for Editor in 0.28 ms, found 0 plugins.
Preloading 0 native plugins for Editor in 0.00 ms.
Unloading 1469 Unused Serialized files (Serialized files now loaded: 0)
System memory in use before: 73.1 MB.
System memory in use after: 73.2 MB.

Unloading 4 unused Assets to reduce memory usage. Loaded Objects now: 2011.
Total: 1.410200 ms (FindLiveObjects: 0.118100 ms CreateObjectMapping: 0.029900 ms MarkObjects: 1.245000 ms  DeleteObjects: 0.016400 ms)

AssetImportWorkerClient::OnTransportError - code=2 error=End of file
